wandb: Agent Starting Run: bfxfaqcq with config:
wandb: 	batch_size: 128
wandb: 	dropout_c: 0.25
wandb: 	dropout_ga: 0.35
wandb: 	epochs: 50
wandb: 	learning_rate: 0.01
wandb: 	num_features_c1: 32
wandb: 	num_features_c2: 32
wandb: 	num_features_c3: 128
wandb: 	num_features_c4: 32
wandb: Currently logged in as: mgatlin3 (use `wandb login --relogin` to force relogin)
wandb: wandb version 0.13.1 is available!  To upgrade, please run:
wandb:  $ pip install wandb --upgrade
wandb: Tracking run with wandb version 0.12.15
wandb: Run data is saved locally in /home/mgatlin3/FT/wandb/run-20220818_090707-bfxfaqcq
wandb: Run `wandb offline` to turn off syncing.
wandb: Syncing run eager-sweep-1
wandb: ⭐️ View project at https://wandb.ai/mgatlin3/sweep-FT
wandb: 🧹 View sweep at https://wandb.ai/mgatlin3/sweep-FT/sweeps/otbrtpw1
wandb: 🚀 View run at https://wandb.ai/mgatlin3/sweep-FT/runs/bfxfaqcq
2022-08-18 09:07:12.858707: W tensorflow/stream_executor/platform/default/dso_loader.cc:64] Could not load dynamic library 'libcudnn.so.8'; dlerror: libcudnn.so.8: cannot open shared object file: No such file or directory; LD_LIBRARY_PATH: /opt/apps/Module/GCC/9.2.0/lib64
2022-08-18 09:07:12.858743: W tensorflow/core/common_runtime/gpu/gpu_device.cc:1850] Cannot dlopen some GPU libraries. Please make sure the missing libraries mentioned above are installed properly if you would like to use GPU. Follow the guide at https://www.tensorflow.org/install/gpu for how to download and setup the required libraries for your platform.
Skipping registering GPU devices...
2022-08-18 09:07:12.859179: I tensorflow/core/platform/cpu_feature_guard.cc:193] This TensorFlow binary is optimized with oneAPI Deep Neural Network Library (oneDNN) to use the following CPU instructions in performance-critical operations:  AVX2 AVX512F FMA
To enable them in other operations, rebuild TensorFlow with the appropriate compiler flags.
